Performing C SOURCE FILE Test CMAKE_HAVE_LIBC_PTHREAD failed with the following output:
Change Dir: /home/ubuntu/meta_sim2024_ep_docker/ICRA2024-Sim2Real-RM/src/build/CMakeFiles/CMakeScratch/TryCompile-tuigtS

Run Build Command(s):/usr/bin/make -f Makefile cmTC_4603a/fast && /usr/bin/make  -f CMakeFiles/cmTC_4603a.dir/build.make CMakeFiles/cmTC_4603a.dir/build
make[1]: 进入目录“/home/ubuntu/meta_sim2024_ep_docker/ICRA2024-Sim2Real-RM/src/build/CMakeFiles/CMakeScratch/TryCompile-tuigtS”
Building C object CMakeFiles/cmTC_4603a.dir/src.c.o
/usr/bin/cc -DCMAKE_HAVE_LIBC_PTHREAD   -o CMakeFiles/cmTC_4603a.dir/src.c.o -c /home/ubuntu/meta_sim2024_ep_docker/ICRA2024-Sim2Real-RM/src/build/CMakeFiles/CMakeScratch/TryCompile-tuigtS/src.c
Linking C executable cmTC_4603a
/usr/bin/cmake -E cmake_link_script CMakeFiles/cmTC_4603a.dir/link.txt --verbose=1
/usr/bin/cc -rdynamic CMakeFiles/cmTC_4603a.dir/src.c.o -o cmTC_4603a 
/usr/bin/ld: CMakeFiles/cmTC_4603a.dir/src.c.o: in function `main':
src.c:(.text+0x46): undefined reference to `pthread_create'
/usr/bin/ld: src.c:(.text+0x52): undefined reference to `pthread_detach'
/usr/bin/ld: src.c:(.text+0x5e): undefined reference to `pthread_cancel'
/usr/bin/ld: src.c:(.text+0x6f): undefined reference to `pthread_join'
collect2: error: ld returned 1 exit status
make[1]: *** [CMakeFiles/cmTC_4603a.dir/build.make:99：cmTC_4603a] 错误 1
make[1]: 离开目录“/home/ubuntu/meta_sim2024_ep_docker/ICRA2024-Sim2Real-RM/src/build/CMakeFiles/CMakeScratch/TryCompile-tuigtS”
make: *** [Makefile:127：cmTC_4603a/fast] 错误 2


Source file was:
#include <pthread.h>

static void* test_func(void* data)
{
  return data;
}

int main(void)
{
  pthread_t thread;
  pthread_create(&thread, NULL, test_func, NULL);
  pthread_detach(thread);
  pthread_cancel(thread);
  pthread_join(thread, NULL);
  pthread_atfork(NULL, NULL, NULL);
  pthread_exit(NULL);

  return 0;
}


Determining if the function pthread_create exists in the pthreads failed with the following output:
Change Dir: /home/ubuntu/meta_sim2024_ep_docker/ICRA2024-Sim2Real-RM/src/build/CMakeFiles/CMakeScratch/TryCompile-UrILiU

Run Build Command(s):/usr/bin/make -f Makefile cmTC_6cda1/fast && /usr/bin/make  -f CMakeFiles/cmTC_6cda1.dir/build.make CMakeFiles/cmTC_6cda1.dir/build
make[1]: 进入目录“/home/ubuntu/meta_sim2024_ep_docker/ICRA2024-Sim2Real-RM/src/build/CMakeFiles/CMakeScratch/TryCompile-UrILiU”
Building C object CMakeFiles/cmTC_6cda1.dir/CheckFunctionExists.c.o
/usr/bin/cc   -DCHECK_FUNCTION_EXISTS=pthread_create -o CMakeFiles/cmTC_6cda1.dir/CheckFunctionExists.c.o -c /home/ubuntu/meta_sim2024_ep_docker/ICRA2024-Sim2Real-RM/src/build/CMakeFiles/CMakeScratch/TryCompile-UrILiU/CheckFunctionExists.c
Linking C executable cmTC_6cda1
/usr/bin/cmake -E cmake_link_script CMakeFiles/cmTC_6cda1.dir/link.txt --verbose=1
/usr/bin/cc  -DCHECK_FUNCTION_EXISTS=pthread_create -rdynamic CMakeFiles/cmTC_6cda1.dir/CheckFunctionExists.c.o -o cmTC_6cda1  -lpthreads 
/usr/bin/ld: 找不到 -lpthreads
collect2: error: ld returned 1 exit status
make[1]: *** [CMakeFiles/cmTC_6cda1.dir/build.make:99：cmTC_6cda1] 错误 1
make[1]: 离开目录“/home/ubuntu/meta_sim2024_ep_docker/ICRA2024-Sim2Real-RM/src/build/CMakeFiles/CMakeScratch/TryCompile-UrILiU”
make: *** [Makefile:127：cmTC_6cda1/fast] 错误 2



